22.10.18 12:04:46.303	================================================================================
22.10.18 12:04:46.307	Trace Log for Wendy.Win.exe is started
22.10.18 12:04:46.307	================================================================================
22.10.18 12:04:46.309	System Environment
	OS Version: Microsoft Windows NT 6.2.9200.0
	.Net Framework Versions: v2.0.50727, v4.0.30319
	CLR Version: 4.0.30319.42000
	eXpressApp Version: 18.1.6.0
	eXpressApp File Version: 18.1.6.0

Application config
	Modules=
	NewVersionServer=
	EnableDiagnosticActions=False

22.10.18 12:04:46.361	Initialize application
=======================
22.10.18 12:04:46.362		Command line arguments: 
		D:\代码\Wendy\Wendy.Win\bin\Debug\Wendy.Win.exe
22.10.18 12:04:46.625	--------------------------------------------------------------------------------
							Initialize Modules Manager

22.10.18 12:04:46.626	--------------------------------------------------------------------------------
							

22.10.18 12:04:46.629	--------------------------------------------------------------------------------
Loaded assemblies
	Anonymously Hosted DynamicMethods Assembly, Version=0.0.0.0, Culture=neutral, PublicKeyToken=null, Location=InMemory Module
	DevExpress.Data.v18.1, Version=18.1.6.0, Culture=neutral, PublicKeyToken=b88d1754d700e49a, Location=C:\Windows\Microsoft.Net\assembly\GAC_MSIL\DevExpress.Data.v18.1\v4.0_18.1.6.0__b88d1754d700e49a\DevExpress.Data.v18.1.dll
	DevExpress.ExpressApp.CloneObject.v18.1, Version=18.1.6.0, Culture=neutral, PublicKeyToken=b88d1754d700e49a, Location=C:\Windows\Microsoft.Net\assembly\GAC_MSIL\DevExpress.ExpressApp.CloneObject.v18.1\v4.0_18.1.6.0__b88d1754d700e49a\DevExpress.ExpressApp.CloneObject.v18.1.dll
	DevExpress.ExpressApp.ConditionalAppearance.v18.1, Version=18.1.6.0, Culture=neutral, PublicKeyToken=b88d1754d700e49a, Location=C:\Windows\Microsoft.Net\assembly\GAC_MSIL\DevExpress.ExpressApp.ConditionalAppearance.v18.1\v4.0_18.1.6.0__b88d1754d700e49a\DevExpress.ExpressApp.ConditionalAppearance.v18.1.dll
	DevExpress.ExpressApp.Dashboards.v18.1, Version=18.1.6.0, Culture=neutral, PublicKeyToken=b88d1754d700e49a, Location=C:\Windows\Microsoft.Net\assembly\GAC_MSIL\DevExpress.ExpressApp.Dashboards.v18.1\v4.0_18.1.6.0__b88d1754d700e49a\DevExpress.ExpressApp.Dashboards.v18.1.dll
	DevExpress.ExpressApp.Dashboards.Win.v18.1, Version=18.1.6.0, Culture=neutral, PublicKeyToken=b88d1754d700e49a, Location=C:\Windows\Microsoft.Net\assembly\GAC_MSIL\DevExpress.ExpressApp.Dashboards.Win.v18.1\v4.0_18.1.6.0__b88d1754d700e49a\DevExpress.ExpressApp.Dashboards.Win.v18.1.dll
	DevExpress.ExpressApp.Security.v18.1, Version=18.1.6.0, Culture=neutral, PublicKeyToken=b88d1754d700e49a, Location=C:\Windows\Microsoft.Net\assembly\GAC_MSIL\DevExpress.ExpressApp.Security.v18.1\v4.0_18.1.6.0__b88d1754d700e49a\DevExpress.ExpressApp.Security.v18.1.dll
	DevExpress.ExpressApp.Security.Xpo.v18.1, Version=18.1.6.0, Culture=neutral, PublicKeyToken=b88d1754d700e49a, Location=C:\Windows\Microsoft.Net\assembly\GAC_MSIL\DevExpress.ExpressApp.Security.Xpo.v18.1\v4.0_18.1.6.0__b88d1754d700e49a\DevExpress.ExpressApp.Security.Xpo.v18.1.dll
	DevExpress.ExpressApp.TreeListEditors.v18.1, Version=18.1.6.0, Culture=neutral, PublicKeyToken=b88d1754d700e49a, Location=C:\Windows\Microsoft.Net\assembly\GAC_MSIL\DevExpress.ExpressApp.TreeListEditors.v18.1\v4.0_18.1.6.0__b88d1754d700e49a\DevExpress.ExpressApp.TreeListEditors.v18.1.dll
	DevExpress.ExpressApp.TreeListEditors.Win.v18.1, Version=18.1.6.0, Culture=neutral, PublicKeyToken=b88d1754d700e49a, Location=C:\Windows\Microsoft.Net\assembly\GAC_MSIL\DevExpress.ExpressApp.TreeListEditors.Win.v18.1\v4.0_18.1.6.0__b88d1754d700e49a\DevExpress.ExpressApp.TreeListEditors.Win.v18.1.dll
	DevExpress.ExpressApp.v18.1, Version=18.1.6.0, Culture=neutral, PublicKeyToken=b88d1754d700e49a, Location=C:\Windows\Microsoft.Net\assembly\GAC_MSIL\DevExpress.ExpressApp.v18.1\v4.0_18.1.6.0__b88d1754d700e49a\DevExpress.ExpressApp.v18.1.dll
	DevExpress.ExpressApp.Validation.v18.1, Version=18.1.6.0, Culture=neutral, PublicKeyToken=b88d1754d700e49a, Location=C:\Windows\Microsoft.Net\assembly\GAC_MSIL\DevExpress.ExpressApp.Validation.v18.1\v4.0_18.1.6.0__b88d1754d700e49a\DevExpress.ExpressApp.Validation.v18.1.dll
	DevExpress.ExpressApp.Validation.Win.v18.1, Version=18.1.6.0, Culture=neutral, PublicKeyToken=b88d1754d700e49a, Location=C:\Windows\Microsoft.Net\assembly\GAC_MSIL\DevExpress.ExpressApp.Validation.Win.v18.1\v4.0_18.1.6.0__b88d1754d700e49a\DevExpress.ExpressApp.Validation.Win.v18.1.dll
	DevExpress.ExpressApp.Win.v18.1, Version=18.1.6.0, Culture=neutral, PublicKeyToken=b88d1754d700e49a, Location=C:\Windows\Microsoft.Net\assembly\GAC_MSIL\DevExpress.ExpressApp.Win.v18.1\v4.0_18.1.6.0__b88d1754d700e49a\DevExpress.ExpressApp.Win.v18.1.dll
	DevExpress.ExpressApp.Xpo.v18.1, Version=18.1.6.0, Culture=neutral, PublicKeyToken=b88d1754d700e49a, Location=C:\Windows\Microsoft.Net\assembly\GAC_MSIL\DevExpress.ExpressApp.Xpo.v18.1\v4.0_18.1.6.0__b88d1754d700e49a\DevExpress.ExpressApp.Xpo.v18.1.dll
	DevExpress.Persistent.Base.v18.1, Version=18.1.6.0, Culture=neutral, PublicKeyToken=b88d1754d700e49a, Location=C:\Windows\Microsoft.Net\assembly\GAC_MSIL\DevExpress.Persistent.Base.v18.1\v4.0_18.1.6.0__b88d1754d700e49a\DevExpress.Persistent.Base.v18.1.dll
	DevExpress.Persistent.BaseImpl.v18.1, Version=18.1.6.0, Culture=neutral, PublicKeyToken=b88d1754d700e49a, Location=C:\Windows\Microsoft.Net\assembly\GAC_MSIL\DevExpress.Persistent.BaseImpl.v18.1\v4.0_18.1.6.0__b88d1754d700e49a\DevExpress.Persistent.BaseImpl.v18.1.dll
	DevExpress.Printing.v18.1.Core, Version=18.1.6.0, Culture=neutral, PublicKeyToken=b88d1754d700e49a, Location=C:\Windows\Microsoft.Net\assembly\GAC_MSIL\DevExpress.Printing.v18.1.Core\v4.0_18.1.6.0__b88d1754d700e49a\DevExpress.Printing.v18.1.Core.dll
	DevExpress.Utils.v18.1, Version=18.1.6.0, Culture=neutral, PublicKeyToken=b88d1754d700e49a, Location=C:\Windows\Microsoft.Net\assembly\GAC_MSIL\DevExpress.Utils.v18.1\v4.0_18.1.6.0__b88d1754d700e49a\DevExpress.Utils.v18.1.dll
	DevExpress.Xpo.v18.1, Version=18.1.6.0, Culture=neutral, PublicKeyToken=b88d1754d700e49a, Location=C:\Windows\Microsoft.Net\assembly\GAC_MSIL\DevExpress.Xpo.v18.1\v4.0_18.1.6.0__b88d1754d700e49a\DevExpress.Xpo.v18.1.dll
	DevExpress.XtraBars.v18.1, Version=18.1.6.0, Culture=neutral, PublicKeyToken=b88d1754d700e49a, Location=C:\Windows\Microsoft.Net\assembly\GAC_MSIL\DevExpress.XtraBars.v18.1\v4.0_18.1.6.0__b88d1754d700e49a\DevExpress.XtraBars.v18.1.dll
	DevExpress.XtraEditors.v18.1, Version=18.1.6.0, Culture=neutral, PublicKeyToken=b88d1754d700e49a, Location=C:\Windows\Microsoft.Net\assembly\GAC_MSIL\DevExpress.XtraEditors.v18.1\v4.0_18.1.6.0__b88d1754d700e49a\DevExpress.XtraEditors.v18.1.dll
	DevExpress.XtraTreeList.v18.1, Version=18.1.6.0, Culture=neutral, PublicKeyToken=b88d1754d700e49a, Location=C:\Windows\Microsoft.Net\assembly\GAC_MSIL\DevExpress.XtraTreeList.v18.1\v4.0_18.1.6.0__b88d1754d700e49a\DevExpress.XtraTreeList.v18.1.dll
	mscorlib, Version=4.0.0.0, Culture=neutral, PublicKeyToken=b77a5c561934e089, Location=C:\Windows\Microsoft.NET\Framework\v4.0.30319\mscorlib.dll
	mscorlib.resources, Version=4.0.0.0, Culture=zh-Hans, PublicKeyToken=b77a5c561934e089, Location=C:\Windows\Microsoft.Net\assembly\GAC_MSIL\mscorlib.resources\v4.0_4.0.0.0_zh-Hans_b77a5c561934e089\mscorlib.resources.dll
	System, Version=4.0.0.0, Culture=neutral, PublicKeyToken=b77a5c561934e089, Location=C:\Windows\Microsoft.Net\assembly\GAC_MSIL\System\v4.0_4.0.0.0__b77a5c561934e089\System.dll
	System.Configuration, Version=4.0.0.0, Culture=neutral, PublicKeyToken=b03f5f7f11d50a3a, Location=C:\Windows\Microsoft.Net\assembly\GAC_MSIL\System.Configuration\v4.0_4.0.0.0__b03f5f7f11d50a3a\System.Configuration.dll
	System.Core, Version=4.0.0.0, Culture=neutral, PublicKeyToken=b77a5c561934e089, Location=C:\Windows\Microsoft.Net\assembly\GAC_MSIL\System.Core\v4.0_4.0.0.0__b77a5c561934e089\System.Core.dll
	System.Data, Version=4.0.0.0, Culture=neutral, PublicKeyToken=b77a5c561934e089, Location=C:\Windows\Microsoft.Net\assembly\GAC_32\System.Data\v4.0_4.0.0.0__b77a5c561934e089\System.Data.dll
	System.Drawing, Version=4.0.0.0, Culture=neutral, PublicKeyToken=b03f5f7f11d50a3a, Location=C:\Windows\Microsoft.Net\assembly\GAC_MSIL\System.Drawing\v4.0_4.0.0.0__b03f5f7f11d50a3a\System.Drawing.dll
	System.Windows.Forms, Version=4.0.0.0, Culture=neutral, PublicKeyToken=b77a5c561934e089, Location=C:\Windows\Microsoft.Net\assembly\GAC_MSIL\System.Windows.Forms\v4.0_4.0.0.0__b77a5c561934e089\System.Windows.Forms.dll
	System.Xml, Version=4.0.0.0, Culture=neutral, PublicKeyToken=b77a5c561934e089, Location=C:\Windows\Microsoft.Net\assembly\GAC_MSIL\System.Xml\v4.0_4.0.0.0__b77a5c561934e089\System.Xml.dll
	UIAutomationClient, Version=4.0.0.0, Culture=neutral, PublicKeyToken=31bf3856ad364e35, Location=C:\Windows\Microsoft.Net\assembly\GAC_MSIL\UIAutomationClient\v4.0_4.0.0.0__31bf3856ad364e35\UIAutomationClient.dll
	Wendy.Module, Version=1.0.6869.21681, Culture=neutral, PublicKeyToken=null, Location=D:\代码\Wendy\Wendy.Win\bin\Debug\Wendy.Module.dll
	Wendy.Module.Win, Version=1.0.6869.21684, Culture=neutral, PublicKeyToken=null, Location=D:\代码\Wendy\Wendy.Win\bin\Debug\Wendy.Module.Win.dll
	Wendy.Win, Version=1.0.6869.21684, Culture=neutral, PublicKeyToken=null, Location=D:\代码\Wendy\Wendy.Win\bin\Debug\Wendy.Win.exe
22.10.18 12:04:46.744	SetupModules
22.10.18 12:04:46.865	Customize TypesInfo
22.10.18 12:04:46.889	The ValueManagerType is initialized by the default value: SimpleValueManager.
22.10.18 12:04:46.891	Stack trace:
   在 DevExpress.Persistent.Base.ValueManager.CreateValueManager[ValueType](String key)
   在 DevExpress.Persistent.Base.ValueManager.GetValueManager[ValueType](String key)
   在 DevExpress.ExpressApp.SecuritySystem.SetInstance(ISecurityStrategyBase instance)
   在 DevExpress.ExpressApp.XafApplication.InitializeSecuritySystem(ExpressApplicationSetupParameters parameters)
   在 DevExpress.ExpressApp.XafApplication.Setup(ExpressApplicationSetupParameters parameters)
   在 DevExpress.ExpressApp.XafApplication.Setup(String applicationName, IList`1 objectSpaceProviders, ApplicationModulesManager modulesManager, ISecurityStrategyBase security)
   在 DevExpress.ExpressApp.XafApplication.Setup()
   在 Wendy.Win.Program.Main() 位置 D:\代码\Wendy\Wendy.Win\Program.cs:行号 44

22.10.18 12:04:48.218		preferredLanguageName: (User language)
								userLanguageName: zh-CN

22.10.18 12:04:48.220		preferredLanguageName: (User language)
								userFormattingCultureName: zh-CN
								selectedFormattingCultureName: 

22.10.18 12:04:48.222	Logon With Parameters
22.10.18 12:04:48.224		Type: DevExpress.ExpressApp.Actions.PopupWindowShowAction
								ID: a99f21ef-a0a2-46a6-a571-1965662067fc
								Category: Unspecified

22.10.18 12:04:48.724	Generate default Model for Action containers
22.10.18 12:05:00.075	'UserName' property editor: new value is 'sunyuan'
22.10.18 12:05:00.078	--------------------------------------------------------------------------------
							Execute action

22.10.18 12:05:00.078		Type: DevExpress.ExpressApp.Actions.SimpleAction
								ID: Logon
								Category: PopupActions
								Controller.Name: DevExpress.ExpressApp.LogonController
								Context.Name: 登录
								Context.IsRoot: True
								Context.SelectedObjects.Count: 1
								Context.CurrentObject: DevExpress.ExpressApp.Security.AuthenticationStandardLogonParameters

22.10.18 12:05:00.079	--------------------------------------------------------------------------------
							Execute action

22.10.18 12:05:00.080		Type: DevExpress.ExpressApp.Actions.PopupWindowShowAction
								ID: a99f21ef-a0a2-46a6-a571-1965662067fc
								Category: Unspecified

22.10.18 12:05:00.103	--------------------------------------------------------------------------------
							Start logon process

22.10.18 12:05:00.104	--------------------------------------------------------------------------------
							Checking Compatibility

22.10.18 12:05:00.106		ConnectionString: XpoProvider=MySql;Server=cdb-regn6a3u.bj.tencentcdb.com;Port=10035;User ID=root;Database=WendyDB;Persist Security Info= true;Charset=utf8;SslMode= none;
22.10.18 12:05:00.106		ConnectionString: 
22.10.18 12:05:00.753	--------------------------------------------------------------------------------
							Logon successful

22.10.18 12:05:00.834	--------------------------------------------------------------------------------
							Logon completed

22.10.18 12:05:00.841	Action 'a99f21ef-a0a2-46a6-a571-1965662067fc' done
22.10.18 12:05:00.843	Window closing: 登录
22.10.18 12:05:00.868	Action 'Logon' done
22.10.18 12:05:00.868	Window closed: 登录
22.10.18 12:05:00.924		startUpActions: 1
22.10.18 12:05:00.943	--------------------------------------------------------------------------------
							Initialize 'ShowNavigationItem' action items

22.10.18 12:05:01.040	--------------------------------------------------------------------------------
							Execute action

22.10.18 12:05:01.040		Type: DevExpress.ExpressApp.Actions.SingleChoiceAction
								ID: ChooseSkin
								Category: Appearance
								Controller.Name: DevExpress.ExpressApp.Win.SystemModule.ChooseSkinController

22.10.18 12:05:01.041		SelectedItem: Summer 2008
22.10.18 12:05:01.041	Action 'ChooseSkin' done
22.10.18 12:05:02.451	Resolve the 'DevExpress.ExpressApp.Win.v18.1.XmlSerializers, Version=18.1.6.0, Culture=neutral, PublicKeyToken=b88d1754d700e49a' assembly
22.10.18 12:05:02.452	Resolve the 'DevExpress.ExpressApp.Win.v18.1.XmlSerializers, Version=18.1.6.0, Culture=neutral, PublicKeyToken=b88d1754d700e49a' assembly
22.10.18 12:05:03.835	Application startup done
=========================
22.10.18 12:05:03.835	Application running
====================
22.10.18 12:05:07.403	--------------------------------------------------------------------------------
							Execute action

22.10.18 12:05:07.403		Type: DevExpress.ExpressApp.Actions.SingleChoiceAction
								ID: ShowNavigationItem
								Category: ViewsNavigation
								Controller.Name: DevExpress.ExpressApp.SystemModule.ShowNavigationItemController

22.10.18 12:05:07.403		SelectedItem: 咨询信息
22.10.18 12:05:07.720	Action 'ShowNavigationItem' done
22.10.18 12:05:09.803	--------------------------------------------------------------------------------
							Execute action

22.10.18 12:05:09.804		Type: DevExpress.ExpressApp.Actions.SingleChoiceAction
								ID: ConsultRecord.scaFilter
								Category: FullTextSearch
								Controller.Name: Wendy.Module.Controllers.VCConsultRecordList
								Context.Name: 咨询信息
								Context.IsRoot: True
								Context.SelectedObjects.Count: 0
								Context.CurrentObject: <not specified>

22.10.18 12:05:09.804		SelectedItem: 所有咨询
22.10.18 12:05:09.804	Action 'ConsultRecord.scaFilter' done
22.10.18 12:05:10.175	--------------------------------------------------------------------------------
							Execute action

22.10.18 12:05:10.175		Type: DevExpress.ExpressApp.Actions.ParametrizedAction
								ID: FullTextSearch
								Category: FullTextSearch
								Controller.Name: DevExpress.ExpressApp.SystemModule.FilterController
								Context.Name: 咨询信息
								Context.IsRoot: True
								Context.SelectedObjects.Count: 0
								Context.CurrentObject: <not specified>

22.10.18 12:05:10.175		CurrentValue: <not specified>
22.10.18 12:05:11.452	Action 'FullTextSearch' done
22.10.18 12:05:12.295	--------------------------------------------------------------------------------
							Execute action

22.10.18 12:05:12.295		Type: DevExpress.ExpressApp.Actions.SimpleAction
								ID: ListViewShowObject
								Category: ListView
								Controller.Name: DevExpress.ExpressApp.SystemModule.ListViewProcessCurrentObjectController
								Context.Name: 咨询信息
								Context.IsRoot: True
								Context.SelectedObjects.Count: 1
								Context.CurrentObject: 2018/4/1 0:00:00

22.10.18 12:05:12.860	Action 'ListViewShowObject' done
22.10.18 12:05:17.762	Window closing: -20180401 - 咨询信息
22.10.18 12:05:17.779	Window closed: -20180401 - 咨询信息
22.10.18 12:05:27.813	--------------------------------------------------------------------------------
							Execute action

22.10.18 12:05:27.813		Type: DevExpress.ExpressApp.Actions.SimpleAction
								ID: ListViewShowObject
								Category: ListView
								Controller.Name: DevExpress.ExpressApp.SystemModule.ListViewProcessCurrentObjectController
								Context.Name: 咨询信息
								Context.IsRoot: True
								Context.SelectedObjects.Count: 1
								Context.CurrentObject: 2018/4/1 0:00:00

22.10.18 12:05:28.262	Action 'ListViewShowObject' done
22.10.18 12:08:38.653	Window closing: -20180401 - 咨询信息
22.10.18 12:08:38.661	Window closed: -20180401 - 咨询信息
22.10.18 12:08:39.722	--------------------------------------------------------------------------------
							Execute action

22.10.18 12:08:39.722		Type: DevExpress.ExpressApp.Actions.SimpleAction
								ID: Refresh
								Category: View
								Controller.Name: DevExpress.ExpressApp.SystemModule.RefreshController
								Context.Name: 咨询信息
								Context.IsRoot: True
								Context.SelectedObjects.Count: 1
								Context.CurrentObject: 2018/4/1 0:00:00

22.10.18 12:08:40.589	Action 'Refresh' done
22.10.18 12:08:44.466	--------------------------------------------------------------------------------
							Execute action

22.10.18 12:08:44.466		Type: DevExpress.ExpressApp.Actions.SingleChoiceAction
								ID: ShowNavigationItem
								Category: ViewsNavigation
								Controller.Name: DevExpress.ExpressApp.SystemModule.ShowNavigationItemController

22.10.18 12:08:44.466		SelectedItem: 学生资料
22.10.18 12:08:44.601	Action 'ShowNavigationItem' done
22.10.18 12:08:46.715	--------------------------------------------------------------------------------
							Execute action

22.10.18 12:08:46.715		Type: DevExpress.ExpressApp.Actions.SingleChoiceAction
								ID: ShowNavigationItem
								Category: ViewsNavigation
								Controller.Name: DevExpress.ExpressApp.SystemModule.ShowNavigationItemController

22.10.18 12:08:46.715		SelectedItem: 咨询信息
22.10.18 12:08:46.823	Action 'ShowNavigationItem' done
22.10.18 12:08:47.436	--------------------------------------------------------------------------------
							Execute action

22.10.18 12:08:47.437		Type: DevExpress.ExpressApp.Actions.SimpleAction
								ID: ListViewShowObject
								Category: ListView
								Controller.Name: DevExpress.ExpressApp.SystemModule.ListViewProcessCurrentObjectController
								Context.Name: 咨询信息
								Context.IsRoot: True
								Context.SelectedObjects.Count: 1
								Context.CurrentObject: 2018/4/2 0:00:00

22.10.18 12:08:47.865	Action 'ListViewShowObject' done
22.10.18 12:08:49.437	Window closing: -20180402 - 咨询信息
22.10.18 12:08:49.438	Window closed: -20180402 - 咨询信息
22.10.18 12:08:49.949	--------------------------------------------------------------------------------
							Execute action

22.10.18 12:08:49.949		Type: DevExpress.ExpressApp.Actions.SingleChoiceAction
								ID: ShowNavigationItem
								Category: ViewsNavigation
								Controller.Name: DevExpress.ExpressApp.SystemModule.ShowNavigationItemController

22.10.18 12:08:49.949		SelectedItem: 学生资料
22.10.18 12:08:50.059	Action 'ShowNavigationItem' done
22.10.18 12:08:52.214	--------------------------------------------------------------------------------
							Execute action

22.10.18 12:08:52.214		Type: DevExpress.ExpressApp.Actions.SimpleAction
								ID: Refresh
								Category: View
								Controller.Name: DevExpress.ExpressApp.SystemModule.RefreshController
								Context.Name: 学生资料
								Context.IsRoot: True
								Context.SelectedObjects.Count: 0
								Context.CurrentObject: <not specified>

22.10.18 12:08:52.256	Action 'Refresh' done
22.10.18 12:08:53.106	--------------------------------------------------------------------------------
							Execute action

22.10.18 12:08:53.106		Type: DevExpress.ExpressApp.Actions.SingleChoiceAction
								ID: ShowNavigationItem
								Category: ViewsNavigation
								Controller.Name: DevExpress.ExpressApp.SystemModule.ShowNavigationItemController

22.10.18 12:08:53.107		SelectedItem: 咨询信息
22.10.18 12:08:53.216	Action 'ShowNavigationItem' done
22.10.18 12:08:54.732	--------------------------------------------------------------------------------
							Execute action

22.10.18 12:08:54.732		Type: DevExpress.ExpressApp.Actions.SimpleAction
								ID: ListViewShowObject
								Category: ListView
								Controller.Name: DevExpress.ExpressApp.SystemModule.ListViewProcessCurrentObjectController
								Context.Name: 咨询信息
								Context.IsRoot: True
								Context.SelectedObjects.Count: 1
								Context.CurrentObject: 2018/5/8 0:00:00

22.10.18 12:08:55.143	Action 'ListViewShowObject' done
22.10.18 12:08:56.989	Window closing: -20180508 - 咨询信息
22.10.18 12:08:56.990	Window closed: -20180508 - 咨询信息
22.10.18 12:28:31.814	Window closing: 学生资料
22.10.18 12:28:31.818	Window closing: 咨询信息
22.10.18 12:28:31.821	Window closing: 咨询信息 - 文迪营销管理系统
22.10.18 12:28:31.875	Window closed: 学生资料
22.10.18 12:28:31.875	Window closed: 咨询信息
22.10.18 12:28:31.875	Window closed: 咨询信息 - 文迪营销管理系统
22.10.18 12:28:32.061	Save model changes
===================
Wendy.Win.exe Error: 0 : System.IO.IOException: 无法将数据写入传输连接: 远程主机强迫关闭了一个现有的连接。。 ---> System.Net.Sockets.SocketException: 远程主机强迫关闭了一个现有的连接。
   在 System.Net.Sockets.Socket.Send(Byte[] buffer, Int32 offset, Int32 size, SocketFlags socketFlags)
   在 System.Net.Sockets.NetworkStream.Write(Byte[] buffer, Int32 offset, Int32 size)
   --- 内部异常堆栈跟踪的结尾 ---
   在 System.Net.Sockets.NetworkStream.Write(Byte[] buffer, Int32 offset, Int32 size)
   在 MySql.Data.MySqlClient.TimedStream.Write(Byte[] buffer, Int32 offset, Int32 count)
   在 MySql.Data.MySqlClient.MySqlStream.SendPacket(MySqlPacket packet)
   在 MySql.Data.MySqlClient.NativeDriver.ExecutePacket(MySqlPacket packetToExecute)
   在 MySql.Data.MySqlClient.NativeDriver.Close(Boolean isOpen)
22.10.18 12:28:32.269	Save model changes
===================
22.10.18 12:28:32.311	--------------------------------------------------------------------------------
							Logoff completed

22.10.18 12:28:32.312	Application stopping
=====================
Wendy.Win.exe Error: 0 : System.ObjectDisposedException: 无法访问已释放的对象。
对象名:“System.Net.Sockets.NetworkStream”。
   在 System.Net.Sockets.NetworkStream.Write(Byte[] buffer, Int32 offset, Int32 size)
   在 MySql.Data.MySqlClient.TimedStream.Write(Byte[] buffer, Int32 offset, Int32 count)
   在 MySql.Data.MySqlClient.MySqlStream.SendPacket(MySqlPacket packet)
   在 MySql.Data.MySqlClient.NativeDriver.ExecutePacket(MySqlPacket packetToExecute)
   在 MySql.Data.MySqlClient.NativeDriver.Close(Boolean isOpen)
