25.10.18 23:43:23.599	================================================================================
25.10.18 23:43:23.607	Trace Log for Wendy.Win.exe is started
25.10.18 23:43:23.607	================================================================================
25.10.18 23:43:23.609	System Environment
	OS Version: Microsoft Windows NT 6.2.9200.0
	.Net Framework Versions: v2.0.50727, v4.0.30319
	CLR Version: 4.0.30319.42000
	eXpressApp Version: 18.1.6.0
	eXpressApp File Version: 18.1.6.0

Application config
	Modules=
	NewVersionServer=
	EnableDiagnosticActions=False

25.10.18 23:43:23.670	Initialize application
=======================
25.10.18 23:43:23.671		Command line arguments: 
		D:\代码\Wendy\Wendy.Win\bin\Debug\Wendy.Win.exe
25.10.18 23:43:23.951	--------------------------------------------------------------------------------
							Initialize Modules Manager

25.10.18 23:43:23.952	--------------------------------------------------------------------------------
							

25.10.18 23:43:23.955	--------------------------------------------------------------------------------
Loaded assemblies
	Anonymously Hosted DynamicMethods Assembly, Version=0.0.0.0, Culture=neutral, PublicKeyToken=null, Location=InMemory Module
	DevExpress.Data.v18.1, Version=18.1.6.0, Culture=neutral, PublicKeyToken=b88d1754d700e49a, Location=C:\Windows\Microsoft.Net\assembly\GAC_MSIL\DevExpress.Data.v18.1\v4.0_18.1.6.0__b88d1754d700e49a\DevExpress.Data.v18.1.dll
	DevExpress.ExpressApp.CloneObject.v18.1, Version=18.1.6.0, Culture=neutral, PublicKeyToken=b88d1754d700e49a, Location=C:\Windows\Microsoft.Net\assembly\GAC_MSIL\DevExpress.ExpressApp.CloneObject.v18.1\v4.0_18.1.6.0__b88d1754d700e49a\DevExpress.ExpressApp.CloneObject.v18.1.dll
	DevExpress.ExpressApp.ConditionalAppearance.v18.1, Version=18.1.6.0, Culture=neutral, PublicKeyToken=b88d1754d700e49a, Location=C:\Windows\Microsoft.Net\assembly\GAC_MSIL\DevExpress.ExpressApp.ConditionalAppearance.v18.1\v4.0_18.1.6.0__b88d1754d700e49a\DevExpress.ExpressApp.ConditionalAppearance.v18.1.dll
	DevExpress.ExpressApp.Dashboards.v18.1, Version=18.1.6.0, Culture=neutral, PublicKeyToken=b88d1754d700e49a, Location=C:\Windows\Microsoft.Net\assembly\GAC_MSIL\DevExpress.ExpressApp.Dashboards.v18.1\v4.0_18.1.6.0__b88d1754d700e49a\DevExpress.ExpressApp.Dashboards.v18.1.dll
	DevExpress.ExpressApp.Dashboards.Win.v18.1, Version=18.1.6.0, Culture=neutral, PublicKeyToken=b88d1754d700e49a, Location=C:\Windows\Microsoft.Net\assembly\GAC_MSIL\DevExpress.ExpressApp.Dashboards.Win.v18.1\v4.0_18.1.6.0__b88d1754d700e49a\DevExpress.ExpressApp.Dashboards.Win.v18.1.dll
	DevExpress.ExpressApp.Security.v18.1, Version=18.1.6.0, Culture=neutral, PublicKeyToken=b88d1754d700e49a, Location=C:\Windows\Microsoft.Net\assembly\GAC_MSIL\DevExpress.ExpressApp.Security.v18.1\v4.0_18.1.6.0__b88d1754d700e49a\DevExpress.ExpressApp.Security.v18.1.dll
	DevExpress.ExpressApp.Security.Xpo.v18.1, Version=18.1.6.0, Culture=neutral, PublicKeyToken=b88d1754d700e49a, Location=C:\Windows\Microsoft.Net\assembly\GAC_MSIL\DevExpress.ExpressApp.Security.Xpo.v18.1\v4.0_18.1.6.0__b88d1754d700e49a\DevExpress.ExpressApp.Security.Xpo.v18.1.dll
	DevExpress.ExpressApp.TreeListEditors.v18.1, Version=18.1.6.0, Culture=neutral, PublicKeyToken=b88d1754d700e49a, Location=C:\Windows\Microsoft.Net\assembly\GAC_MSIL\DevExpress.ExpressApp.TreeListEditors.v18.1\v4.0_18.1.6.0__b88d1754d700e49a\DevExpress.ExpressApp.TreeListEditors.v18.1.dll
	DevExpress.ExpressApp.TreeListEditors.Win.v18.1, Version=18.1.6.0, Culture=neutral, PublicKeyToken=b88d1754d700e49a, Location=C:\Windows\Microsoft.Net\assembly\GAC_MSIL\DevExpress.ExpressApp.TreeListEditors.Win.v18.1\v4.0_18.1.6.0__b88d1754d700e49a\DevExpress.ExpressApp.TreeListEditors.Win.v18.1.dll
	DevExpress.ExpressApp.v18.1, Version=18.1.6.0, Culture=neutral, PublicKeyToken=b88d1754d700e49a, Location=C:\Windows\Microsoft.Net\assembly\GAC_MSIL\DevExpress.ExpressApp.v18.1\v4.0_18.1.6.0__b88d1754d700e49a\DevExpress.ExpressApp.v18.1.dll
	DevExpress.ExpressApp.v18.1.resources, Version=18.1.0.0, Culture=zh-Hans, PublicKeyToken=b88d1754d700e49a, Location=D:\代码\Wendy\Wendy.Win\bin\Debug\zh-Hans\DevExpress.ExpressApp.v18.1.resources.dll
	DevExpress.ExpressApp.Validation.v18.1, Version=18.1.6.0, Culture=neutral, PublicKeyToken=b88d1754d700e49a, Location=C:\Windows\Microsoft.Net\assembly\GAC_MSIL\DevExpress.ExpressApp.Validation.v18.1\v4.0_18.1.6.0__b88d1754d700e49a\DevExpress.ExpressApp.Validation.v18.1.dll
	DevExpress.ExpressApp.Validation.Win.v18.1, Version=18.1.6.0, Culture=neutral, PublicKeyToken=b88d1754d700e49a, Location=C:\Windows\Microsoft.Net\assembly\GAC_MSIL\DevExpress.ExpressApp.Validation.Win.v18.1\v4.0_18.1.6.0__b88d1754d700e49a\DevExpress.ExpressApp.Validation.Win.v18.1.dll
	DevExpress.ExpressApp.Win.v18.1, Version=18.1.6.0, Culture=neutral, PublicKeyToken=b88d1754d700e49a, Location=C:\Windows\Microsoft.Net\assembly\GAC_MSIL\DevExpress.ExpressApp.Win.v18.1\v4.0_18.1.6.0__b88d1754d700e49a\DevExpress.ExpressApp.Win.v18.1.dll
	DevExpress.ExpressApp.Xpo.v18.1, Version=18.1.6.0, Culture=neutral, PublicKeyToken=b88d1754d700e49a, Location=C:\Windows\Microsoft.Net\assembly\GAC_MSIL\DevExpress.ExpressApp.Xpo.v18.1\v4.0_18.1.6.0__b88d1754d700e49a\DevExpress.ExpressApp.Xpo.v18.1.dll
	DevExpress.Persistent.Base.v18.1, Version=18.1.6.0, Culture=neutral, PublicKeyToken=b88d1754d700e49a, Location=C:\Windows\Microsoft.Net\assembly\GAC_MSIL\DevExpress.Persistent.Base.v18.1\v4.0_18.1.6.0__b88d1754d700e49a\DevExpress.Persistent.Base.v18.1.dll
	DevExpress.Persistent.BaseImpl.v18.1, Version=18.1.6.0, Culture=neutral, PublicKeyToken=b88d1754d700e49a, Location=C:\Windows\Microsoft.Net\assembly\GAC_MSIL\DevExpress.Persistent.BaseImpl.v18.1\v4.0_18.1.6.0__b88d1754d700e49a\DevExpress.Persistent.BaseImpl.v18.1.dll
	DevExpress.Printing.v18.1.Core, Version=18.1.6.0, Culture=neutral, PublicKeyToken=b88d1754d700e49a, Location=C:\Windows\Microsoft.Net\assembly\GAC_MSIL\DevExpress.Printing.v18.1.Core\v4.0_18.1.6.0__b88d1754d700e49a\DevExpress.Printing.v18.1.Core.dll
	DevExpress.Utils.v18.1, Version=18.1.6.0, Culture=neutral, PublicKeyToken=b88d1754d700e49a, Location=C:\Windows\Microsoft.Net\assembly\GAC_MSIL\DevExpress.Utils.v18.1\v4.0_18.1.6.0__b88d1754d700e49a\DevExpress.Utils.v18.1.dll
	DevExpress.Xpo.v18.1, Version=18.1.6.0, Culture=neutral, PublicKeyToken=b88d1754d700e49a, Location=C:\Windows\Microsoft.Net\assembly\GAC_MSIL\DevExpress.Xpo.v18.1\v4.0_18.1.6.0__b88d1754d700e49a\DevExpress.Xpo.v18.1.dll
	DevExpress.XtraBars.v18.1, Version=18.1.6.0, Culture=neutral, PublicKeyToken=b88d1754d700e49a, Location=C:\Windows\Microsoft.Net\assembly\GAC_MSIL\DevExpress.XtraBars.v18.1\v4.0_18.1.6.0__b88d1754d700e49a\DevExpress.XtraBars.v18.1.dll
	DevExpress.XtraEditors.v18.1, Version=18.1.6.0, Culture=neutral, PublicKeyToken=b88d1754d700e49a, Location=C:\Windows\Microsoft.Net\assembly\GAC_MSIL\DevExpress.XtraEditors.v18.1\v4.0_18.1.6.0__b88d1754d700e49a\DevExpress.XtraEditors.v18.1.dll
	DevExpress.XtraTreeList.v18.1, Version=18.1.6.0, Culture=neutral, PublicKeyToken=b88d1754d700e49a, Location=C:\Windows\Microsoft.Net\assembly\GAC_MSIL\DevExpress.XtraTreeList.v18.1\v4.0_18.1.6.0__b88d1754d700e49a\DevExpress.XtraTreeList.v18.1.dll
	mscorlib, Version=4.0.0.0, Culture=neutral, PublicKeyToken=b77a5c561934e089, Location=C:\Windows\Microsoft.NET\Framework\v4.0.30319\mscorlib.dll
	mscorlib.resources, Version=4.0.0.0, Culture=zh-Hans, PublicKeyToken=b77a5c561934e089, Location=C:\Windows\Microsoft.Net\assembly\GAC_MSIL\mscorlib.resources\v4.0_4.0.0.0_zh-Hans_b77a5c561934e089\mscorlib.resources.dll
	System, Version=4.0.0.0, Culture=neutral, PublicKeyToken=b77a5c561934e089, Location=C:\Windows\Microsoft.Net\assembly\GAC_MSIL\System\v4.0_4.0.0.0__b77a5c561934e089\System.dll
	System.Configuration, Version=4.0.0.0, Culture=neutral, PublicKeyToken=b03f5f7f11d50a3a, Location=C:\Windows\Microsoft.Net\assembly\GAC_MSIL\System.Configuration\v4.0_4.0.0.0__b03f5f7f11d50a3a\System.Configuration.dll
	System.Core, Version=4.0.0.0, Culture=neutral, PublicKeyToken=b77a5c561934e089, Location=C:\Windows\Microsoft.Net\assembly\GAC_MSIL\System.Core\v4.0_4.0.0.0__b77a5c561934e089\System.Core.dll
	System.Data, Version=4.0.0.0, Culture=neutral, PublicKeyToken=b77a5c561934e089, Location=C:\Windows\Microsoft.Net\assembly\GAC_32\System.Data\v4.0_4.0.0.0__b77a5c561934e089\System.Data.dll
	System.Drawing, Version=4.0.0.0, Culture=neutral, PublicKeyToken=b03f5f7f11d50a3a, Location=C:\Windows\Microsoft.Net\assembly\GAC_MSIL\System.Drawing\v4.0_4.0.0.0__b03f5f7f11d50a3a\System.Drawing.dll
	System.Windows.Forms, Version=4.0.0.0, Culture=neutral, PublicKeyToken=b77a5c561934e089, Location=C:\Windows\Microsoft.Net\assembly\GAC_MSIL\System.Windows.Forms\v4.0_4.0.0.0__b77a5c561934e089\System.Windows.Forms.dll
	System.Xml, Version=4.0.0.0, Culture=neutral, PublicKeyToken=b77a5c561934e089, Location=C:\Windows\Microsoft.Net\assembly\GAC_MSIL\System.Xml\v4.0_4.0.0.0__b77a5c561934e089\System.Xml.dll
	UIAutomationClient, Version=4.0.0.0, Culture=neutral, PublicKeyToken=31bf3856ad364e35, Location=C:\Windows\Microsoft.Net\assembly\GAC_MSIL\UIAutomationClient\v4.0_4.0.0.0__31bf3856ad364e35\UIAutomationClient.dll
	Wendy.Module, Version=1.0.6872.42658, Culture=neutral, PublicKeyToken=null, Location=D:\代码\Wendy\Wendy.Win\bin\Debug\Wendy.Module.dll
	Wendy.Module.Win, Version=1.0.6872.42659, Culture=neutral, PublicKeyToken=null, Location=D:\代码\Wendy\Wendy.Win\bin\Debug\Wendy.Module.Win.dll
	Wendy.Win, Version=1.0.6872.42659, Culture=neutral, PublicKeyToken=null, Location=D:\代码\Wendy\Wendy.Win\bin\Debug\Wendy.Win.exe
25.10.18 23:43:24.071	SetupModules
25.10.18 23:43:24.198	Customize TypesInfo
25.10.18 23:43:24.222	The ValueManagerType is initialized by the default value: SimpleValueManager.
25.10.18 23:43:24.224	Stack trace:
   在 DevExpress.Persistent.Base.ValueManager.CreateValueManager[ValueType](String key)
   在 DevExpress.Persistent.Base.ValueManager.GetValueManager[ValueType](String key)
   在 DevExpress.ExpressApp.SecuritySystem.SetInstance(ISecurityStrategyBase instance)
   在 DevExpress.ExpressApp.XafApplication.InitializeSecuritySystem(ExpressApplicationSetupParameters parameters)
   在 DevExpress.ExpressApp.XafApplication.Setup(ExpressApplicationSetupParameters parameters)
   在 DevExpress.ExpressApp.XafApplication.Setup(String applicationName, IList`1 objectSpaceProviders, ApplicationModulesManager modulesManager, ISecurityStrategyBase security)
   在 DevExpress.ExpressApp.XafApplication.Setup()
   在 Wendy.Win.Program.Main() 位置 D:\代码\Wendy\Wendy.Win\Program.cs:行号 44

25.10.18 23:43:25.674		preferredLanguageName: (User language)
								userLanguageName: zh-CN

25.10.18 23:43:25.675		preferredLanguageName: (User language)
								userFormattingCultureName: zh-CN
								selectedFormattingCultureName: 

25.10.18 23:43:25.677	Logon With Parameters
25.10.18 23:43:25.680		Type: DevExpress.ExpressApp.Actions.PopupWindowShowAction
								ID: 5c761aeb-061a-4bae-825c-03a6e9ef0bdb
								Category: Unspecified

25.10.18 23:43:26.175	Generate default Model for Action containers
25.10.18 23:43:28.947	'UserName' property editor: new value is 'admin'
25.10.18 23:43:29.280	'Password' property editor: new value is '*******'
25.10.18 23:43:29.287	--------------------------------------------------------------------------------
							Execute action

25.10.18 23:43:29.287		Type: DevExpress.ExpressApp.Actions.SimpleAction
								ID: Logon
								Category: PopupActions
								Controller.Name: DevExpress.ExpressApp.LogonController
								Context.Name: 登录
								Context.IsRoot: True
								Context.SelectedObjects.Count: 1
								Context.CurrentObject: DevExpress.ExpressApp.Security.AuthenticationStandardLogonParameters

25.10.18 23:43:29.292	--------------------------------------------------------------------------------
							Execute action

25.10.18 23:43:29.307		Type: DevExpress.ExpressApp.Actions.PopupWindowShowAction
								ID: 5c761aeb-061a-4bae-825c-03a6e9ef0bdb
								Category: Unspecified

25.10.18 23:43:29.356	--------------------------------------------------------------------------------
							Start logon process

25.10.18 23:43:29.357	--------------------------------------------------------------------------------
							Checking Compatibility

25.10.18 23:43:29.360		ConnectionString: XpoProvider=MySql;Server=cdb-regn6a3u.bj.tencentcdb.com;Port=10035;User ID=root;Database=WendyDB;Persist Security Info= true;Charset=utf8;SslMode= none;
25.10.18 23:43:29.360		ConnectionString: 
25.10.18 23:43:30.136	--------------------------------------------------------------------------------
							Logon successful

25.10.18 23:43:30.188	--------------------------------------------------------------------------------
							Logon completed

25.10.18 23:43:30.195	Action '5c761aeb-061a-4bae-825c-03a6e9ef0bdb' done
25.10.18 23:43:30.197	Window closing: 登录
25.10.18 23:43:30.220	Action 'Logon' done
25.10.18 23:43:30.221	Window closed: 登录
25.10.18 23:43:30.276		startUpActions: 1
25.10.18 23:43:30.295	--------------------------------------------------------------------------------
							Initialize 'ShowNavigationItem' action items

25.10.18 23:43:30.350	--------------------------------------------------------------------------------
							Execute action

25.10.18 23:43:30.350		Type: DevExpress.ExpressApp.Actions.SingleChoiceAction
								ID: ChooseSkin
								Category: Appearance
								Controller.Name: DevExpress.ExpressApp.Win.SystemModule.ChooseSkinController

25.10.18 23:43:30.351		SelectedItem: Summer 2008
25.10.18 23:43:30.351	Action 'ChooseSkin' done
25.10.18 23:43:31.889	Resolve the 'DevExpress.ExpressApp.Win.v18.1.XmlSerializers, Version=18.1.6.0, Culture=neutral, PublicKeyToken=b88d1754d700e49a' assembly
25.10.18 23:43:31.890	Resolve the 'DevExpress.ExpressApp.Win.v18.1.XmlSerializers, Version=18.1.6.0, Culture=neutral, PublicKeyToken=b88d1754d700e49a' assembly
25.10.18 23:43:34.167	Application startup done
=========================
25.10.18 23:43:34.167	Application running
====================
25.10.18 23:43:38.402	--------------------------------------------------------------------------------
							Execute action

25.10.18 23:43:38.402		Type: DevExpress.ExpressApp.Actions.SingleChoiceAction
								ID: ShowNavigationItem
								Category: ViewsNavigation
								Controller.Name: DevExpress.ExpressApp.SystemModule.ShowNavigationItemController

25.10.18 23:43:38.402		SelectedItem: 角色
25.10.18 23:43:38.629	Action 'ShowNavigationItem' done
25.10.18 23:43:41.966	--------------------------------------------------------------------------------
							Execute action

25.10.18 23:43:41.969		Type: DevExpress.ExpressApp.Actions.SimpleAction
								ID: ListViewShowObject
								Category: ListView
								Controller.Name: DevExpress.ExpressApp.SystemModule.ListViewProcessCurrentObjectController
								Context.Name: 角色
								Context.IsRoot: True
								Context.SelectedObjects.Count: 1
								Context.CurrentObject: DevExpress.Persistent.BaseImpl.PermissionPolicy.PermissionPolicyRole(638ad415-270c-429d-b4f3-c157614964df)

25.10.18 23:43:42.569	Action 'ListViewShowObject' done
25.10.18 23:43:46.008	--------------------------------------------------------------------------------
							Execute action

25.10.18 23:43:46.008		Type: DevExpress.ExpressApp.Actions.SimpleAction
								ID: ListViewShowObject
								Category: ListView
								Controller.Name: DevExpress.ExpressApp.SystemModule.ListViewProcessCurrentObjectController
								Context.Name: 类型权限
								Context.IsRoot: False
								Context.SelectedObjects.Count: 1
								Context.CurrentObject: DevExpress.Persistent.BaseImpl.PermissionPolicy.PermissionPolicyTypePermissionObject(1109cb76-b24c-463d-8d4b-743792deec93)

25.10.18 23:44:23.576		Type: DevExpress.ExpressApp.Actions.PopupWindowShowAction
								ID: FilterPopup
								Category: 

25.10.18 23:44:31.126	'FilterString' property editor: new value is '[OwnerCC.Oid] <> CurrentUserId()'
25.10.18 23:44:31.256	--------------------------------------------------------------------------------
							Execute action

25.10.18 23:44:31.257		Type: DevExpress.ExpressApp.Actions.SimpleAction
								ID: DialogOK
								Category: PopupActions
								Controller.Name: DevExpress.ExpressApp.SystemModule.DialogController
								Context.Name: 编辑条件
								Context.IsRoot: True
								Context.SelectedObjects.Count: 1
								Context.CurrentObject: DevExpress.ExpressApp.Editors.CriteriaProvider

25.10.18 23:44:31.265	--------------------------------------------------------------------------------
							Execute action

25.10.18 23:44:31.265		Type: DevExpress.ExpressApp.Actions.PopupWindowShowAction
								ID: FilterPopup
								Category: 

25.10.18 23:44:31.265	Action 'FilterPopup' done
25.10.18 23:44:31.265	Window closing: 编辑条件
25.10.18 23:44:31.288	Action 'DialogOK' done
25.10.18 23:44:31.289	Window closed: 编辑条件
25.10.18 23:44:32.676	--------------------------------------------------------------------------------
							Execute action

25.10.18 23:44:32.676		Type: DevExpress.ExpressApp.Actions.SimpleAction
								ID: Save
								Category: Save
								Controller.Name: DevExpress.ExpressApp.Win.SystemModule.WinModificationsController
								Context.Name: 类型操作权限
								Context.IsRoot: True
								Context.SelectedObjects.Count: 1
								Context.CurrentObject: DevExpress.Persistent.BaseImpl.PermissionPolicy.PermissionPolicyTypePermissionObject(1109cb76-b24c-463d-8d4b-743792deec93)

25.10.18 23:44:32.983	Action 'Save' done
25.10.18 23:44:33.955	--------------------------------------------------------------------------------
							Execute action

25.10.18 23:44:33.955		Type: DevExpress.ExpressApp.Actions.SimpleAction
								ID: SaveAndClose
								Category: Save
								Controller.Name: DevExpress.ExpressApp.Win.SystemModule.WinModificationsController
								Context.Name: 类型操作权限
								Context.IsRoot: True
								Context.SelectedObjects.Count: 1
								Context.CurrentObject: DevExpress.Persistent.BaseImpl.PermissionPolicy.PermissionPolicyTypePermissionObject(1109cb76-b24c-463d-8d4b-743792deec93)

25.10.18 23:44:33.959	Window closing: 类型操作权限
25.10.18 23:44:33.981	Action 'SaveAndClose' done
25.10.18 23:44:33.982	Window closed: 类型操作权限
25.10.18 23:44:34.106	Action 'ListViewShowObject' done
25.10.18 23:44:35.031	--------------------------------------------------------------------------------
							Execute action

25.10.18 23:44:35.031		Type: DevExpress.ExpressApp.Actions.SimpleAction
								ID: Save
								Category: Save
								Controller.Name: DevExpress.ExpressApp.Win.SystemModule.WinModificationsController
								Context.Name: 角色
								Context.IsRoot: True
								Context.SelectedObjects.Count: 1
								Context.CurrentObject: DevExpress.Persistent.BaseImpl.PermissionPolicy.PermissionPolicyRole(638ad415-270c-429d-b4f3-c157614964df)

25.10.18 23:44:35.157	Action 'Save' done
25.10.18 23:46:01.951	--------------------------------------------------------------------------------
							Execute action

25.10.18 23:46:01.952		Type: DevExpress.ExpressApp.Actions.SimpleAction
								ID: ListViewShowObject
								Category: ListView
								Controller.Name: DevExpress.ExpressApp.SystemModule.ListViewProcessCurrentObjectController
								Context.Name: 类型权限
								Context.IsRoot: False
								Context.SelectedObjects.Count: 1
								Context.CurrentObject: DevExpress.Persistent.BaseImpl.PermissionPolicy.PermissionPolicyTypePermissionObject(1109cb76-b24c-463d-8d4b-743792deec93)

25.10.18 23:46:05.506	--------------------------------------------------------------------------------
							Execute action

25.10.18 23:46:05.506		Type: DevExpress.ExpressApp.Actions.SimpleAction
								ID: ListViewShowObject
								Category: ListView
								Controller.Name: DevExpress.ExpressApp.SystemModule.ListViewProcessCurrentObjectController
								Context.Name: 对象权限
								Context.IsRoot: False
								Context.SelectedObjects.Count: 1
								Context.CurrentObject: DevExpress.Persistent.BaseImpl.PermissionPolicy.PermissionPolicyObjectPermissionsObject(c7eeff44-b9a3-467d-8209-fb7f7eb47d40)

25.10.18 23:46:07.993		Type: DevExpress.ExpressApp.Actions.PopupWindowShowAction
								ID: FilterPopup
								Category: 

25.10.18 23:46:25.696	'FilterString' property editor: new value is '[OwnerCC.Oid] <> CurrentUserId() Or [b_IsBack] = True'
25.10.18 23:46:25.800	--------------------------------------------------------------------------------
							Execute action

25.10.18 23:46:25.800		Type: DevExpress.ExpressApp.Actions.SimpleAction
								ID: DialogOK
								Category: PopupActions
								Controller.Name: DevExpress.ExpressApp.SystemModule.DialogController
								Context.Name: 编辑条件
								Context.IsRoot: True
								Context.SelectedObjects.Count: 1
								Context.CurrentObject: DevExpress.ExpressApp.Editors.CriteriaProvider

25.10.18 23:46:25.802	--------------------------------------------------------------------------------
							Execute action

25.10.18 23:46:25.802		Type: DevExpress.ExpressApp.Actions.PopupWindowShowAction
								ID: FilterPopup
								Category: 

25.10.18 23:46:25.802	Action 'FilterPopup' done
25.10.18 23:46:25.803	Window closing: 编辑条件
25.10.18 23:46:25.804	Action 'DialogOK' done
25.10.18 23:46:25.804	Window closed: 编辑条件
25.10.18 23:46:26.705	'Criteria' property editor: new value is '[OwnerCC.Oid] <> CurrentUserId() Or [b_IsBack] = True'
25.10.18 23:46:26.710	--------------------------------------------------------------------------------
							Execute action

25.10.18 23:46:26.710		Type: DevExpress.ExpressApp.Actions.SimpleAction
								ID: Save
								Category: Save
								Controller.Name: DevExpress.ExpressApp.Win.SystemModule.WinModificationsController
								Context.Name: Object Operation Permissions
								Context.IsRoot: True
								Context.SelectedObjects.Count: 1
								Context.CurrentObject: DevExpress.Persistent.BaseImpl.PermissionPolicy.PermissionPolicyObjectPermissionsObject(c7eeff44-b9a3-467d-8209-fb7f7eb47d40)

25.10.18 23:46:26.714	Action 'Save' done
25.10.18 23:46:27.576	--------------------------------------------------------------------------------
							Execute action

25.10.18 23:46:27.577		Type: DevExpress.ExpressApp.Actions.SimpleAction
								ID: SaveAndClose
								Category: Save
								Controller.Name: DevExpress.ExpressApp.Win.SystemModule.WinModificationsController
								Context.Name: Object Operation Permissions
								Context.IsRoot: True
								Context.SelectedObjects.Count: 1
								Context.CurrentObject: DevExpress.Persistent.BaseImpl.PermissionPolicy.PermissionPolicyObjectPermissionsObject(c7eeff44-b9a3-467d-8209-fb7f7eb47d40)

25.10.18 23:46:27.577	Window closing: Object Operation Permissions
25.10.18 23:46:27.578	Action 'SaveAndClose' done
25.10.18 23:46:27.579	Window closed: Object Operation Permissions
25.10.18 23:46:27.612	Action 'ListViewShowObject' done
25.10.18 23:46:28.072	--------------------------------------------------------------------------------
							Execute action

25.10.18 23:46:28.073		Type: DevExpress.ExpressApp.Actions.SimpleAction
								ID: Save
								Category: Save
								Controller.Name: DevExpress.ExpressApp.Win.SystemModule.WinModificationsController
								Context.Name: 类型操作权限
								Context.IsRoot: True
								Context.SelectedObjects.Count: 1
								Context.CurrentObject: DevExpress.Persistent.BaseImpl.PermissionPolicy.PermissionPolicyTypePermissionObject(1109cb76-b24c-463d-8d4b-743792deec93)

25.10.18 23:46:28.079	Action 'Save' done
25.10.18 23:46:29.034	--------------------------------------------------------------------------------
							Execute action

25.10.18 23:46:29.035		Type: DevExpress.ExpressApp.Actions.SimpleAction
								ID: SaveAndClose
								Category: Save
								Controller.Name: DevExpress.ExpressApp.Win.SystemModule.WinModificationsController
								Context.Name: 类型操作权限
								Context.IsRoot: True
								Context.SelectedObjects.Count: 1
								Context.CurrentObject: DevExpress.Persistent.BaseImpl.PermissionPolicy.PermissionPolicyTypePermissionObject(1109cb76-b24c-463d-8d4b-743792deec93)

25.10.18 23:46:29.036	Window closing: 类型操作权限
25.10.18 23:46:29.037	Action 'SaveAndClose' done
25.10.18 23:46:29.038	Window closed: 类型操作权限
25.10.18 23:46:29.131	Action 'ListViewShowObject' done
25.10.18 23:46:29.470	--------------------------------------------------------------------------------
							Execute action

25.10.18 23:46:29.470		Type: DevExpress.ExpressApp.Actions.SimpleAction
								ID: Save
								Category: Save
								Controller.Name: DevExpress.ExpressApp.Win.SystemModule.WinModificationsController
								Context.Name: 角色
								Context.IsRoot: True
								Context.SelectedObjects.Count: 1
								Context.CurrentObject: DevExpress.Persistent.BaseImpl.PermissionPolicy.PermissionPolicyRole(638ad415-270c-429d-b4f3-c157614964df)

25.10.18 23:46:29.500	Action 'Save' done
25.10.18 23:46:31.392	--------------------------------------------------------------------------------
							Execute action

25.10.18 23:46:31.392		Type: DevExpress.ExpressApp.Actions.SimpleAction
								ID: SaveAndClose
								Category: Save
								Controller.Name: DevExpress.ExpressApp.Win.SystemModule.WinModificationsController
								Context.Name: 角色
								Context.IsRoot: True
								Context.SelectedObjects.Count: 1
								Context.CurrentObject: DevExpress.Persistent.BaseImpl.PermissionPolicy.PermissionPolicyRole(638ad415-270c-429d-b4f3-c157614964df)

25.10.18 23:46:31.398	Window closing: 咨询顾问 - 角色
25.10.18 23:46:31.401	Window closed: 咨询顾问 - 角色
25.10.18 23:46:31.532	Action 'SaveAndClose' done
25.10.18 23:56:39.582	Window closing: 学生资料
25.10.18 23:56:39.589	Window closing: 角色
25.10.18 23:56:39.589	Window closing: 角色 - 文迪营销管理系统
25.10.18 23:56:39.668	Window closed: 学生资料
25.10.18 23:56:39.668	Window closed: 角色
25.10.18 23:56:39.668	Window closed: 角色 - 文迪营销管理系统
25.10.18 23:56:39.972	Save model changes
===================
25.10.18 23:56:40.051	Save model changes
===================
25.10.18 23:56:40.083	--------------------------------------------------------------------------------
							Logoff completed

25.10.18 23:56:40.084	Application stopping
=====================
